c:\users\justi_000\documents\visual studio 2015\projects\animalproj_v4\animalproj_v4\debug\vc140.pdb
c:\users\justi_000\documents\visual studio 2015\projects\animalproj_v4\animalproj_v4\debug\vc140.idb
c:\users\justi_000\documents\visual studio 2015\projects\animalproj_v4\animalproj_v4\debug\actioncard.obj
c:\users\justi_000\documents\visual studio 2015\projects\animalproj_v4\animalproj_v4\debug\animalcard.obj
c:\users\justi_000\documents\visual studio 2015\projects\animalproj_v4\animalproj_v4\debug\animalcardfactory.obj
c:\users\justi_000\documents\visual studio 2015\projects\animalproj_v4\animalproj_v4\debug\bearaction.obj
c:\users\justi_000\documents\visual studio 2015\projects\animalproj_v4\animalproj_v4\debug\deeraction.obj
c:\users\justi_000\documents\visual studio 2015\projects\animalproj_v4\animalproj_v4\debug\hand.obj
c:\users\justi_000\documents\visual studio 2015\projects\animalproj_v4\animalproj_v4\debug\hareaction.obj
c:\users\justi_000\documents\visual studio 2015\projects\animalproj_v4\animalproj_v4\debug\joker.obj
c:\users\justi_000\documents\visual studio 2015\projects\animalproj_v4\animalproj_v4\debug\mooseaction.obj
c:\users\justi_000\documents\visual studio 2015\projects\animalproj_v4\animalproj_v4\debug\nosplit.obj
c:\users\justi_000\documents\visual studio 2015\projects\animalproj_v4\animalproj_v4\debug\queryresult.obj
c:\users\justi_000\documents\visual studio 2015\projects\animalproj_v4\animalproj_v4\debug\splitfour.obj
c:\users\justi_000\documents\visual studio 2015\projects\animalproj_v4\animalproj_v4\debug\splitthree.obj
c:\users\justi_000\documents\visual studio 2015\projects\animalproj_v4\animalproj_v4\debug\splittwo.obj
c:\users\justi_000\documents\visual studio 2015\projects\animalproj_v4\animalproj_v4\debug\startcard.obj
c:\users\justi_000\documents\visual studio 2015\projects\animalproj_v4\animalproj_v4\debug\table.obj
c:\users\justi_000\documents\visual studio 2015\projects\animalproj_v4\animalproj_v4\debug\wolfaction.obj
c:\users\justi_000\documents\visual studio 2015\projects\animalproj_v4\animalproj_v4\debug\main.obj
c:\users\justi_000\documents\visual studio 2015\projects\animalproj_v4\animalproj_v4\debug\player.obj
c:\users\justi_000\documents\visual studio 2015\projects\animalproj_v4\animalproj_v4\debug\startstack.obj
c:\users\justi_000\documents\visual studio 2015\projects\animalproj_v4\debug\animalproj_v4.pdb
c:\users\justi_000\documents\visual studio 2015\projects\animalproj_v4\animalproj_v4\debug\animalproj_v4.tlog\cl.command.1.tlog
c:\users\justi_000\documents\visual studio 2015\projects\animalproj_v4\animalproj_v4\debug\animalproj_v4.tlog\cl.read.1.tlog
c:\users\justi_000\documents\visual studio 2015\projects\animalproj_v4\animalproj_v4\debug\animalproj_v4.tlog\cl.write.1.tlog
c:\users\justi_000\documents\visual studio 2015\projects\animalproj_v4\animalproj_v4\debug\animalproj_v4.tlog\link-cvtres.read.1.tlog
c:\users\justi_000\documents\visual studio 2015\projects\animalproj_v4\animalproj_v4\debug\animalproj_v4.tlog\link-cvtres.write.1.tlog
c:\users\justi_000\documents\visual studio 2015\projects\animalproj_v4\animalproj_v4\debug\animalproj_v4.tlog\link-rc.read.1.tlog
c:\users\justi_000\documents\visual studio 2015\projects\animalproj_v4\animalproj_v4\debug\animalproj_v4.tlog\link-rc.write.1.tlog
c:\users\justi_000\documents\visual studio 2015\projects\animalproj_v4\animalproj_v4\debug\animalproj_v4.tlog\link.command.1.tlog
c:\users\justi_000\documents\visual studio 2015\projects\animalproj_v4\animalproj_v4\debug\animalproj_v4.tlog\link.read.1.tlog
c:\users\justi_000\documents\visual studio 2015\projects\animalproj_v4\animalproj_v4\debug\animalproj_v4.tlog\link.write.1.tlog
